<?xml version="1.0" encoding="UTF-8"?>
<testng-results skipped="0" failed="0" ignored="0" total="0" passed="0">
  <reporter-output>
  </reporter-output>
  <suite name="com.smartfactory.testcase.NewTest" duration-ms="22" started-at="2017-07-29T10:10:31Z" finished-at="2017-07-29T10:10:31Z">
    <groups>
    </groups>
    <test name="Command line test" duration-ms="22" started-at="2017-07-29T10:10:31Z" finished-at="2017-07-29T10:10:31Z">
    </test> <!-- Command line test -->
  </suite> <!-- com.smartfactory.testcase.NewTest -->
</testng-results>
