<?xml version="1.0" encoding="UTF-8"?>
<testng-results skipped="0" failed="0" ignored="0" total="1" passed="1">
  <reporter-output>
  </reporter-output>
  <suite name="com.smartfactory.testcase.NewTest" duration-ms="20090" started-at="2017-07-31T13:22:17Z" finished-at="2017-07-31T13:22:37Z">
    <groups>
    </groups>
    <test name="Command line test" duration-ms="20090" started-at="2017-07-31T13:22:17Z" finished-at="2017-07-31T13:22:37Z">
      <class name="com.smartfactory.testcase.NewTest">
        <test-method status="PASS" signature="setup()[pri:0, instance:com.smartfactory.testcase.NewTest@1554825]" name="setup" is-config="true" duration-ms="17096" started-at="2017-07-31T18:52:17Z" finished-at="2017-07-31T18:52:34Z">
          <reporter-output>
          </reporter-output>
        </test-method> <!-- setup -->
        <test-method status="PASS" signature="loginToApplication(java.lang.String, java.lang.String, java.lang.String)[pri:0, instance:com.smartfactory.testcase.NewTest@1554825]" name="loginToApplication" duration-ms="2541" started-at="2017-07-31T18:52:35Z" data-provider="loginData" finished-at="2017-07-31T18:52:37Z">
          <params>
            <param index="0">
              <value>
                <![CDATA[rahul@softwebsolutions.com]]>
              </value>
            </param>
            <param index="1">
              <value>
                <![CDATA[admin1234]]>
              </value>
            </param>
            <param index="2">
              <value>
                <![CDATA[Not Excepted]]>
              </value>
            </param>
          </params>
          <reporter-output>
          </reporter-output>
        </test-method> <!-- loginToApplication -->
      </class> <!-- com.smartfactory.testcase.NewTest -->
    </test> <!-- Command line test -->
  </suite> <!-- com.smartfactory.testcase.NewTest -->
</testng-results>
